[
  "[AppRunner] Starting to deploy your application source code.",
  "[AppRunner] Starting to build your application source code.",
  "[PreBuild] Sending build context to Docker daemon  8.282MB\r\r\n",
  "[PreBuild] Step 1/3 : FROM 172675860077.dkr.ecr.eu-central-1.amazonaws.com/awsfusionruntime-nodejs18-build:uuid-nodejs18-20251118-203652-95 AS pre-build-stage\n",
  "[PreBuild] uuid-nodejs18-20251118-203652-95: Pulling from awsfusionruntime-nodejs18-build\n",
  "[PreBuild] 1c7de4eb5ced: Pulling fs layer\n",
  "[PreBuild] 4a0421761270: Pulling fs layer\n",
  "[PreBuild] 91b86427906d: Pulling fs layer\n",
  "[PreBuild] 91b86427906d: Verifying Checksum\n",
  "[PreBuild] 91b86427906d: Download complete\n",
  "[PreBuild] 1c7de4eb5ced: Verifying Checksum\n",
  "[PreBuild] 1c7de4eb5ced: Download complete\n",
  "[PreBuild] 4a0421761270: Verifying Checksum\n",
  "[PreBuild] 4a0421761270: Download complete\n",
  "[PreBuild] 1c7de4eb5ced: Pull complete\n",
  "[PreBuild] 4a0421761270: Pull complete\n",
  "[PreBuild] 91b86427906d: Pull complete\n",
  "[PreBuild] Digest: sha256:77f3bbfb1e143afd8b5a492063867cc6ef17b5f474da0645391590e5013eaeb0\n",
  "[PreBuild] Status: Downloaded newer image for 172675860077.dkr.ecr.eu-central-1.amazonaws.com/awsfusionruntime-nodejs18-build:uuid-nodejs18-20251118-203652-95\n",
  "[PreBuild]  ---> 061d2962df77\n",
  "[PreBuild] Step 2/3 : COPY . /app\n",
  "[PreBuild]  ---> 8e923eabc7c4\n",
  "[PreBuild] Step 3/3 : WORKDIR /app/server\n",
  "[PreBuild]  ---> Running in f29f15d233a9\n",
  "[PreBuild] Removing intermediate container f29f15d233a9\n",
  "[PreBuild]  ---> 779840c52d50\n",
  "[PreBuild] Successfully built 779840c52d50\n",
  " ",
  "[Build] Sending build context to Docker daemon  8.282MB\r\r\n",
  "[Build] Step 1/6 : FROM 172675860077.dkr.ecr.eu-central-1.amazonaws.com/awsfusionruntime-nodejs18-build:uuid-nodejs18-20251118-203652-95 AS pre-build-stage\n",
  "[Build]  ---> 061d2962df77\n",
  "[Build] Step 2/6 : COPY . /app\n",
  "[Build]  ---> Using cache\n",
  "[Build]  ---> 8e923eabc7c4\n",
  "[Build] Step 3/6 : WORKDIR /app/server\n",
  "[Build]  ---> Using cache\n",
  "[Build]  ---> 779840c52d50\n",
  "[Build] Step 4/6 : FROM pre-build-stage as build-stage\n",
  "[Build]  ---> 779840c52d50\n",
  "[Build] Step 5/6 : WORKDIR /app/server\n",
  "[Build]  ---> Running in c9c7868cb3cf\n",
  "[Build] Removing intermediate container c9c7868cb3cf\n",
  "[Build]  ---> 494f2f3b3eb7\n",
  "[Build] Step 6/6 : RUN npm ci && npm run build && npx prisma generate\n",
  "[Build]  ---> Running in 0e61b64ed50d\n",
  "[Build] added 171 packages, and audited 172 packages in 8s\n",
  "[Build] 31 packages are looking for funding\n",
  "[Build]   run `npm fund` for details\n",
  "[Build] 5 moderate severity vulnerabilities\n",
  "[Build] To address all issues (including breaking changes), run:\n",
  "[Build]   npm audit fix --force\n",
  "[Build] Run `npm audit` for details.\n",
  "[Build] \u001b[91mnpm notice\n",
  "[Build] npm notice New major version of npm available! 10.8.2 -> 11.7.0\n",
  "[Build] npm notice Changelog: https://github.com/npm/cli/releases/tag/v11.7.0\n",
  "[Build] npm notice To update run: npm install -g npm@11.7.0\n",
  "[Build] npm notice\n",
  "[Build] \u001b[0m\n",
  "[Build] > oostboek-server@0.1.0 build\n",
  "[Build] > tsc\n",
  "[Build] src/index.ts(20,16): error TS2345: Argument of type '{ contentSecurityPolicy: false | undefined; }' is not assignable to parameter of type 'Readonly<HelmetOptions> | undefined'.\n",
  "[Build]   Type '{ contentSecurityPolicy: false | undefined; }' is not assignable to type 'Readonly<{ contentSecurityPolicy?: boolean | ContentSecurityPolicyOptions; crossOriginEmbedderPolicy?: boolean | CrossOriginEmbedderPolicyOptions; crossOriginOpenerPolicy?: boolean | CrossOriginOpenerPolicyOptions; crossOriginResourcePolicy?: boolean | CrossOriginResourcePolicyOptions; originAgentCluster?: boolean; ...' with 'exactOptionalPropertyTypes: true'. Consider adding 'undefined' to the types of the target's properties.\n",
  "[Build]     Types of property 'contentSecurityPolicy' are incompatible.\n",
  "[Build]       Type 'false | undefined' is not assignable to type 'boolean | ContentSecurityPolicyOptions'.\n",
  "[Build]         Type 'undefined' is not assignable to type 'boolean | ContentSecurityPolicyOptions'.\n",
  "[Build] src/middleware/auth.ts(48,14): error TS2769: No overload matches this call.\n",
  "[Build]   Overload 1 of 5, '(payload: string | object | Buffer<ArrayBufferLike>, secretOrPrivateKey: null, options?: (SignOptions & { algorithm: \"none\"; }) | undefined): string', gave the following error.\n",
  "[Build]     Argument of type 'string' is not assignable to parameter of type 'null'.\n",
  "[Build]   Overload 2 of 5, '(payload: string | object | Buffer<ArrayBufferLike>, secretOrPrivateKey: Secret | Buffer<ArrayBufferLike> | JsonWebKeyInput | PrivateKeyInput, options?: SignOptions | undefined): string', gave the following error.\n",
  "[Build]     Type 'string' is not assignable to type 'number | StringValue | undefined'.\n",
  "[Build]   Overload 3 of 5, '(payload: string | object | Buffer<ArrayBufferLike>, secretOrPrivateKey: Secret | Buffer<ArrayBufferLike> | JsonWebKeyInput | PrivateKeyInput, callback: SignCallback): void', gave the following error.\n",
  "[Build]     Object literal may only specify known properties, and 'expiresIn' does not exist in type 'SignCallback'.\n",
  "[Build] src/routes/chat.ts(54,9): error TS2322: Type 'never[]' is not assignable to type 'string'.\n",
  "[Build] src/routes/chat.ts(118,9): error TS2322: Type 'never[]' is not assignable to type 'string'.\n",
  "[Build] src/routes/chat.ts(131,9): error TS2322: Type 'string[]' is not assignable to type 'string'.\n",
  "[Build] src/routes/chat.ts(139,9): error TS2375: Type '{ status: string; escalatedAt: Date; escalationReason: string | undefined; }' is not assignable to type '(Without<ChatSessionUpdateInput, ChatSessionUncheckedUpdateInput> & ChatSessionUncheckedUpdateInput) | (Without<...> & ChatSessionUpdateInput)' with 'exactOptionalPropertyTypes: true'. Consider adding 'undefined' to the types of the target's properties.\n",
  "[Build]   Type '{ status: string; escalatedAt: Date; escalationReason: string | undefined; }' is not assignable to type 'Without<ChatSessionUncheckedUpdateInput, ChatSessionUpdateInput> & ChatSessionUpdateInput' with 'exactOptionalPropertyTypes: true'. Consider adding 'undefined' to the types of the target's properties.\n",
  "[Build]     Type '{ status: string; escalatedAt: Date; escalationReason: string | undefined; }' is not assignable to type 'ChatSessionUpdateInput' with 'exactOptionalPropertyTypes: true'. Consider adding 'undefined' to the types of the target's properties.\n",
  "[Build]       Types of property 'escalationReason' are incompatible.\n",
  "[Build]         Type 'string | undefined' is not assignable to type 'string | NullableStringFieldUpdateOperationsInput | null'.\n",
  "[Build]           Type 'undefined' is not assignable to type 'string | NullableStringFieldUpdateOperationsInput | null'.\n",
  "[Build] src/routes/leads.ts(25,7): error TS2375: Type '{ name: string; email: string; phone: string | undefined; company: string | undefined; service: string | undefined; message: string; source: string; }' is not assignable to type '(Without<LeadCreateInput, LeadUncheckedCreateInput> & LeadUncheckedCreateInput) | (Without<...> & LeadCreateInput)' with 'exactOptionalPropertyTypes: true'. Consider adding 'undefined' to the types of the target's properties.\n",
  "[Build]   Type '{ name: string; email: string; phone: string | undefined; company: string | undefined; service: string | undefined; message: string; source: string; }' is not assignable to type 'Without<LeadUncheckedCreateInput, LeadCreateInput> & LeadCreateInput' with 'exactOptionalPropertyTypes: true'. Consider adding 'undefined' to the types of the target's properties.\n",
  "[Build]     Type '{ name: string; email: string; phone: string | undefined; company: string | undefined; service: string | undefined; message: string; source: string; }' is not assignable to type 'LeadCreateInput' with 'exactOptionalPropertyTypes: true'. Consider adding 'undefined' to the types of the target's properties.\n",
  "[Build]       Types of property 'phone' are incompatible.\n",
  "[Build]         Type 'string | undefined' is not assignable to type 'string | null'.\n",
  "[Build]           Type 'undefined' is not assignable to type 'string | null'.\n",
  "[Build] The command '/bin/sh -c npm ci && npm run build && npx prisma generate' returned a non-zero code: 2\n",
  "[AppRunner] Failed to build your application source code. Reason: Failed to execute 'build' command.",
  "[AppRunner] Failed to deploy your application source code."
]